TeamworkAppFinal/app/build/intermediates/manifest_merge_blame_file/debug/manifest-merger-blame-debug-report.txt
1<?xml version="1.0" encoding="utf-8"?>
2<manifest xmlns:android="http://schemas.android.com/apk/res/android"
3    package="com.android.teamworkapp"
4    android:versionCode="1"
5    android:versionName="1.0" >
6
7    <uses-sdk
8        android:minSdkVersion="16"
8-->src/main/AndroidManifest.xml
9        android:targetSdkVersion="29" />
9-->src/main/AndroidManifest.xml
10
11    <uses-permission android:name="android.permission.INTERNET" />
11-->src/main/AndroidManifest.xml:5:5-66
11-->src/main/AndroidManifest.xml:5:22-64
12    <uses-permission
12-->src/main/AndroidManifest.xml:6:5-8:11
13        android:name="android.permission.READ_EXTERNAL_STORAGE"
13-->src/main/AndroidManifest.xml:6:22-77
14        android:maxSdkVersion="18" />
14-->src/main/AndroidManifest.xml:7:9-35
15
16    <uses-feature
16-->src/main/AndroidManifest.xml:9:5-11:11
17        android:name="android.hardware.camera"
17-->src/main/AndroidManifest.xml:9:19-57
18        android:required="false" />
18-->src/main/AndroidManifest.xml:10:9-33
19
20    <application
20-->src/main/AndroidManifest.xml:12:5-29:19
21        android:allowBackup="false"
21-->src/main/AndroidManifest.xml:17:9-36
22        android:appComponentFactory="androidx.core.app.CoreComponentFactory"
22-->[androidx.core:core:1.1.0] AndroidManifest.xml:24:18-86
23        android:debuggable="true"
24        android:icon="@mipmap/ic_launcher"
24-->src/main/AndroidManifest.xml:13:9-43
25        android:label="@string/app_name"
25-->src/main/AndroidManifest.xml:14:9-41
26        android:roundIcon="@mipmap/ic_launcher_round"
26-->src/main/AndroidManifest.xml:15:9-54
27        android:supportsRtl="true"
27-->src/main/AndroidManifest.xml:16:9-35
28        android:theme="@style/AppTheme" >
28-->src/main/AndroidManifest.xml:18:9-40
29        <activity android:name="com.android.teamworkapp.WelcomeActivity" >
29-->src/main/AndroidManifest.xml:20:9-25:20
29-->src/main/AndroidManifest.xml:20:19-50
30            <intent-filter>
30-->src/main/AndroidManifest.xml:21:13-24:29
31                <action android:name="android.intent.action.MAIN" />
31-->src/main/AndroidManifest.xml:22:17-68
31-->src/main/AndroidManifest.xml:22:25-66
32
33                <category android:name="android.intent.category.LAUNCHER" />
33-->src/main/AndroidManifest.xml:23:17-77
33-->src/main/AndroidManifest.xml:23:27-74
34            </intent-filter>
35        </activity>
36        <activity android:name="com.android.teamworkapp.SigninActivity" />
36-->src/main/AndroidManifest.xml:26:9-51
36-->src/main/AndroidManifest.xml:26:19-49
37        <activity android:name="com.android.teamworkapp.SignupActivity" />
37-->src/main/AndroidManifest.xml:27:9-52
37-->src/main/AndroidManifest.xml:27:19-49
38        <activity android:name="com.android.teamworkapp.MainActivity" />
38-->src/main/AndroidManifest.xml:28:9-49
38-->src/main/AndroidManifest.xml:28:19-47
39
40        <provider
40-->[androidx.lifecycle:lifecycle-process:2.1.0] AndroidManifest.xml:23:9-27:43
41            android:name="androidx.lifecycle.ProcessLifecycleOwnerInitializer"
41-->[androidx.lifecycle:lifecycle-process:2.1.0] AndroidManifest.xml:24:13-79
42            android:authorities="com.android.teamworkapp.lifecycle-process"
42-->[androidx.lifecycle:lifecycle-process:2.1.0] AndroidManifest.xml:25:13-69
43            android:exported="false"
43-->[androidx.lifecycle:lifecycle-process:2.1.0] AndroidManifest.xml:26:13-37
44            android:multiprocess="true" />
44-->[androidx.lifecycle:lifecycle-process:2.1.0] AndroidManifest.xml:27:13-40
45    </application>
46
47</manifest>